<?xml version="1.0" encoding="UTF-8"?>
<!-- Generated by org.testng.reporters.JUnitReportReporter -->
<testsuite hostname="DESKTOP-D4SHPE1" name="com.srd.stepdefinition.login_page_test_cases" tests="3" failures="0" timestamp="24 Mar 2021 05:02:40 GMT" time="72.555" errors="0">
  <testcase name="Forget_password" time="13.196" classname="com.srd.stepdefinition.login_page_test_cases"/>
  <testcase name="login_with_incorrect_password" time="21.642" classname="com.srd.stepdefinition.login_page_test_cases"/>
  <testcase name="login_with_correct__username_password" time="37.717" classname="com.srd.stepdefinition.login_page_test_cases"/>
</testsuite> <!-- com.srd.stepdefinition.login_page_test_cases -->
