<?xml version="1.0" encoding="UTF-8"?>
<!-- Generated by org.testng.reporters.JUnitReportReporter -->
<testsuite hostname="DESKTOP-D4SHPE1" name="com.srd.stepdefinition.login_page_test_cases" tests="2" failures="0" timestamp="23 Mar 2021 11:13:46 GMT" time="39.748" errors="0">
  <testcase name="login_with_incorrect_password" time="16.356" classname="com.srd.stepdefinition.login_page_test_cases"/>
  <testcase name="login_with_correct__username_password" time="23.392" classname="com.srd.stepdefinition.login_page_test_cases"/>
</testsuite> <!-- com.srd.stepdefinition.login_page_test_cases -->
