<?xml version="1.0" encoding="UTF-8"?>
<!-- Generated by org.testng.reporters.JUnitReportReporter -->
<testsuite hostname="DESKTOP-D4SHPE1" name="com.srd.stepdefinition.login_page_test_cases" tests="3" failures="0" timestamp="26 Mar 2021 06:21:32 GMT" time="73.528" errors="0">
  <testcase name="login_with_incorrect_password" time="24.280" classname="com.srd.stepdefinition.login_page_test_cases"/>
  <testcase name="Forget_password" time="19.531" classname="com.srd.stepdefinition.login_page_test_cases"/>
  <testcase name="login_with_correct__username_password" time="29.717" classname="com.srd.stepdefinition.login_page_test_cases"/>
</testsuite> <!-- com.srd.stepdefinition.login_page_test_cases -->
